INFO 2025-08-21 16:13:04,963 autoreload 37856 1392 Watching for file changes with StatReloader
INFO 2025-08-21 16:13:11,686 basehttp 37856 35404 "GET / HTTP/1.1" 200 20672
WARNING 2025-08-21 16:13:11,745 basehttp 37856 35404 "GET /static/css/style.css HTTP/1.1" 404 1966
INFO 2025-08-21 16:13:11,805 basehttp 37856 6116 "GET /static/js/main.js HTTP/1.1" 200 20115
WARNING 2025-08-21 16:13:12,295 log 37856 6116 Not Found: /favicon.ico
WARNING 2025-08-21 16:13:12,295 basehttp 37856 6116 "GET /favicon.ico HTTP/1.1" 404 3008
ERROR 2025-08-21 16:13:26,488 log 37856 6116 Internal Server Error: /accounts/signup/
Traceback (most recent call last):
  File "C:\Users\DLSne\AppData\Local\Packages\PythonSoftwareFoundation.Python.3.12_qbz5n2kfra8p0\LocalCache\local-packages\Python312\site-packages\django\core\handlers\exception.py", line 55, in inner
    response = get_response(request)
               ^^^^^^^^^^^^^^^^^^^^^
  File "C:\Users\DLSne\AppData\Local\Packages\PythonSoftwareFoundation.Python.3.12_qbz5n2kfra8p0\LocalCache\local-packages\Python312\site-packages\django\core\handlers\base.py", line 197, in _get_response
    response = wrapped_callback(request, *callback_args, **callback_kwargs)
               ^^^^^^^^^^^^^^^^^^^^^^^^^^^^^^^^^^^^^^^^^^^^^^^^^^^^^^^^^^^^
  File "C:\Users\DLSne\OneDrive\Desktop\Code\webdev\HygGeo\HygGeo\accounts\views.py", line 75, in signup_view
    return render(request, 'accounts/signup.html', {'form': form})
           ^^^^^^^^^^^^^^^^^^^^^^^^^^^^^^^^^^^^^^^^^^^^^^^^^^^^^^^
  File "C:\Users\DLSne\AppData\Local\Packages\PythonSoftwareFoundation.Python.3.12_qbz5n2kfra8p0\LocalCache\local-packages\Python312\site-packages\django\shortcuts.py", line 25, in render
    content = loader.render_to_string(template_name, context, request, using=using)
              ^^^^^^^^^^^^^^^^^^^^^^^^^^^^^^^^^^^^^^^^^^^^^^^^^^^^^^^^^^^^^^^^^^^^^
  File "C:\Users\DLSne\AppData\Local\Packages\PythonSoftwareFoundation.Python.3.12_qbz5n2kfra8p0\LocalCache\local-packages\Python312\site-packages\django\template\loader.py", line 61, in render_to_string
    template = get_template(template_name, using=using)
               ^^^^^^^^^^^^^^^^^^^^^^^^^^^^^^^^^^^^^^^^
  File "C:\Users\DLSne\AppData\Local\Packages\PythonSoftwareFoundation.Python.3.12_qbz5n2kfra8p0\LocalCache\local-packages\Python312\site-packages\django\template\loader.py", line 15, in get_template
    return engine.get_template(template_name)
           ^^^^^^^^^^^^^^^^^^^^^^^^^^^^^^^^^^
  File "C:\Users\DLSne\AppData\Local\Packages\PythonSoftwareFoundation.Python.3.12_qbz5n2kfra8p0\LocalCache\local-packages\Python312\site-packages\django\template\backends\django.py", line 79, in get_template
    return Template(self.engine.get_template(template_name), self)
                    ^^^^^^^^^^^^^^^^^^^^^^^^^^^^^^^^^^^^^^^
  File "C:\Users\DLSne\AppData\Local\Packages\PythonSoftwareFoundation.Python.3.12_qbz5n2kfra8p0\LocalCache\local-packages\Python312\site-packages\django\template\engine.py", line 177, in get_template
    template, origin = self.find_template(template_name)
                       ^^^^^^^^^^^^^^^^^^^^^^^^^^^^^^^^^
  File "C:\Users\DLSne\AppData\Local\Packages\PythonSoftwareFoundation.Python.3.12_qbz5n2kfra8p0\LocalCache\local-packages\Python312\site-packages\django\template\engine.py", line 159, in find_template
    template = loader.get_template(name, skip=skip)
               ^^^^^^^^^^^^^^^^^^^^^^^^^^^^^^^^^^^^
  File "C:\Users\DLSne\AppData\Local\Packages\PythonSoftwareFoundation.Python.3.12_qbz5n2kfra8p0\LocalCache\local-packages\Python312\site-packages\django\template\loaders\cached.py", line 57, in get_template
    template = super().get_template(template_name, skip)
               ^^^^^^^^^^^^^^^^^^^^^^^^^^^^^^^^^^^^^^^^^
  File "C:\Users\DLSne\AppData\Local\Packages\PythonSoftwareFoundation.Python.3.12_qbz5n2kfra8p0\LocalCache\local-packages\Python312\site-packages\django\template\loaders\base.py", line 28, in get_template
    return Template(
           ^^^^^^^^^
  File "C:\Users\DLSne\AppData\Local\Packages\PythonSoftwareFoundation.Python.3.12_qbz5n2kfra8p0\LocalCache\local-packages\Python312\site-packages\django\template\base.py", line 154, in __init__
    self.nodelist = self.compile_nodelist()
                    ^^^^^^^^^^^^^^^^^^^^^^^
  File "C:\Users\DLSne\AppData\Local\Packages\PythonSoftwareFoundation.Python.3.12_qbz5n2kfra8p0\LocalCache\local-packages\Python312\site-packages\django\template\base.py", line 196, in compile_nodelist
    nodelist = parser.parse()
               ^^^^^^^^^^^^^^
  File "C:\Users\DLSne\AppData\Local\Packages\PythonSoftwareFoundation.Python.3.12_qbz5n2kfra8p0\LocalCache\local-packages\Python312\site-packages\django\template\base.py", line 518, in parse
    raise self.error(token, e)
  File "C:\Users\DLSne\AppData\Local\Packages\PythonSoftwareFoundation.Python.3.12_qbz5n2kfra8p0\LocalCache\local-packages\Python312\site-packages\django\template\base.py", line 516, in parse
    compiled_result = compile_func(self, token)
                      ^^^^^^^^^^^^^^^^^^^^^^^^^
  File "C:\Users\DLSne\AppData\Local\Packages\PythonSoftwareFoundation.Python.3.12_qbz5n2kfra8p0\LocalCache\local-packages\Python312\site-packages\django\template\loader_tags.py", line 299, in do_extends
    nodelist = parser.parse()
               ^^^^^^^^^^^^^^
  File "C:\Users\DLSne\AppData\Local\Packages\PythonSoftwareFoundation.Python.3.12_qbz5n2kfra8p0\LocalCache\local-packages\Python312\site-packages\django\template\base.py", line 518, in parse
    raise self.error(token, e)
  File "C:\Users\DLSne\AppData\Local\Packages\PythonSoftwareFoundation.Python.3.12_qbz5n2kfra8p0\LocalCache\local-packages\Python312\site-packages\django\template\base.py", line 516, in parse
    compiled_result = compile_func(self, token)
                      ^^^^^^^^^^^^^^^^^^^^^^^^^
  File "C:\Users\DLSne\AppData\Local\Packages\PythonSoftwareFoundation.Python.3.12_qbz5n2kfra8p0\LocalCache\local-packages\Python312\site-packages\django\template\loader_tags.py", line 234, in do_block
    nodelist = parser.parse(("endblock",))
               ^^^^^^^^^^^^^^^^^^^^^^^^^^^
  File "C:\Users\DLSne\AppData\Local\Packages\PythonSoftwareFoundation.Python.3.12_qbz5n2kfra8p0\LocalCache\local-packages\Python312\site-packages\django\template\base.py", line 489, in parse
    raise self.error(token, e)
  File "C:\Users\DLSne\AppData\Local\Packages\PythonSoftwareFoundation.Python.3.12_qbz5n2kfra8p0\LocalCache\local-packages\Python312\site-packages\django\template\base.py", line 487, in parse
    filter_expression = self.compile_filter(token.contents)
                        ^^^^^^^^^^^^^^^^^^^^^^^^^^^^^^^^^^^
  File "C:\Users\DLSne\AppData\Local\Packages\PythonSoftwareFoundation.Python.3.12_qbz5n2kfra8p0\LocalCache\local-packages\Python312\site-packages\django\template\base.py", line 609, in compile_filter
    return FilterExpression(token, self)
           ^^^^^^^^^^^^^^^^^^^^^^^^^^^^^
  File "C:\Users\DLSne\AppData\Local\Packages\PythonSoftwareFoundation.Python.3.12_qbz5n2kfra8p0\LocalCache\local-packages\Python312\site-packages\django\template\base.py", line 705, in __init__
    filter_func = parser.find_filter(filter_name)
                  ^^^^^^^^^^^^^^^^^^^^^^^^^^^^^^^
  File "C:\Users\DLSne\AppData\Local\Packages\PythonSoftwareFoundation.Python.3.12_qbz5n2kfra8p0\LocalCache\local-packages\Python312\site-packages\django\template\base.py", line 615, in find_filter
    raise TemplateSyntaxError("Invalid filter: '%s'" % filter_name)
django.template.exceptions.TemplateSyntaxError: Invalid filter: 'add_class'
ERROR 2025-08-21 16:13:26,495 basehttp 37856 6116 "GET /accounts/signup/ HTTP/1.1" 500 237663
WARNING 2025-08-21 16:13:37,681 log 37856 6116 Not Found: /.well-known/appspecific/com.chrome.devtools.json
WARNING 2025-08-21 16:13:37,682 basehttp 37856 6116 "GET /.well-known/appspecific/com.chrome.devtools.json HTTP/1.1" 404 3119
INFO 2025-08-21 16:13:54,669 basehttp 37856 6116 "GET / HTTP/1.1" 200 20641
WARNING 2025-08-21 16:13:54,706 basehttp 37856 6116 "GET /static/css/style.css HTTP/1.1" 404 1966
INFO 2025-08-21 16:17:51,093 autoreload 32172 41412 Watching for file changes with StatReloader
INFO 2025-08-21 16:17:52,151 basehttp 32172 40532 "GET / HTTP/1.1" 200 20641
WARNING 2025-08-21 16:17:52,170 basehttp 32172 40532 "GET /static/css/style.css HTTP/1.1" 404 1966
INFO 2025-08-21 16:17:52,242 basehttp 32172 16116 "GET /static/js/main.js HTTP/1.1" 200 20115
WARNING 2025-08-21 16:17:52,491 log 32172 16116 Not Found: /favicon.ico
WARNING 2025-08-21 16:17:52,491 basehttp 32172 16116 "GET /favicon.ico HTTP/1.1" 404 3008
INFO 2025-08-21 16:17:54,269 basehttp 32172 16116 "GET /accounts/signup/ HTTP/1.1" 200 12188
WARNING 2025-08-21 16:17:54,294 basehttp 32172 16116 "GET /static/css/style.css HTTP/1.1" 404 1966
INFO 2025-08-21 16:18:25,818 basehttp 32172 35756 "POST /accounts/signup/ HTTP/1.1" 200 12357
WARNING 2025-08-21 16:18:25,843 basehttp 32172 35756 "GET /static/css/style.css HTTP/1.1" 404 1966
INFO 2025-08-21 16:18:56,757 basehttp 32172 28664 "POST /accounts/signup/ HTTP/1.1" 302 0
INFO 2025-08-21 16:18:56,845 basehttp 32172 28664 "GET /accounts/survey/ HTTP/1.1" 200 54174
WARNING 2025-08-21 16:18:56,863 basehttp 32172 28664 "GET /static/css/style.css HTTP/1.1" 404 1966
INFO 2025-08-21 16:19:30,871 basehttp 32172 45440 "POST /accounts/survey/ HTTP/1.1" 302 0
INFO 2025-08-21 16:19:30,896 basehttp 32172 45440 "GET /accounts/survey/success/ HTTP/1.1" 200 13931
WARNING 2025-08-21 16:19:30,932 basehttp 32172 45440 "GET /static/css/style.css HTTP/1.1" 404 1966
ERROR 2025-08-21 16:19:36,034 log 32172 45160 Internal Server Error: /accounts/profile/
Traceback (most recent call last):
  File "C:\Users\DLSne\AppData\Local\Packages\PythonSoftwareFoundation.Python.3.12_qbz5n2kfra8p0\LocalCache\local-packages\Python312\site-packages\django\template\base.py", line 510, in parse
    compile_func = self.tags[command]
                   ~~~~~~~~~^^^^^^^^^
KeyError: 'endwith'

During handling of the above exception, another exception occurred:

Traceback (most recent call last):
  File "C:\Users\DLSne\AppData\Local\Packages\PythonSoftwareFoundation.Python.3.12_qbz5n2kfra8p0\LocalCache\local-packages\Python312\site-packages\django\core\handlers\exception.py", line 55, in inner
    response = get_response(request)
               ^^^^^^^^^^^^^^^^^^^^^
  File "C:\Users\DLSne\AppData\Local\Packages\PythonSoftwareFoundation.Python.3.12_qbz5n2kfra8p0\LocalCache\local-packages\Python312\site-packages\django\core\handlers\base.py", line 197, in _get_response
    response = wrapped_callback(request, *callback_args, **callback_kwargs)
               ^^^^^^^^^^^^^^^^^^^^^^^^^^^^^^^^^^^^^^^^^^^^^^^^^^^^^^^^^^^^
  File "C:\Users\DLSne\AppData\Local\Packages\PythonSoftwareFoundation.Python.3.12_qbz5n2kfra8p0\LocalCache\local-packages\Python312\site-packages\django\contrib\auth\decorators.py", line 59, in _view_wrapper
    return view_func(request, *args, **kwargs)
           ^^^^^^^^^^^^^^^^^^^^^^^^^^^^^^^^^^^
  File "C:\Users\DLSne\OneDrive\Desktop\Code\webdev\HygGeo\HygGeo\accounts\views.py", line 94, in profile_view
    return render(request, 'accounts/profile.html', context)
           ^^^^^^^^^^^^^^^^^^^^^^^^^^^^^^^^^^^^^^^^^^^^^^^^^
  File "C:\Users\DLSne\AppData\Local\Packages\PythonSoftwareFoundation.Python.3.12_qbz5n2kfra8p0\LocalCache\local-packages\Python312\site-packages\django\shortcuts.py", line 25, in render
    content = loader.render_to_string(template_name, context, request, using=using)
              ^^^^^^^^^^^^^^^^^^^^^^^^^^^^^^^^^^^^^^^^^^^^^^^^^^^^^^^^^^^^^^^^^^^^^
  File "C:\Users\DLSne\AppData\Local\Packages\PythonSoftwareFoundation.Python.3.12_qbz5n2kfra8p0\LocalCache\local-packages\Python312\site-packages\django\template\loader.py", line 61, in render_to_string
    template = get_template(template_name, using=using)
               ^^^^^^^^^^^^^^^^^^^^^^^^^^^^^^^^^^^^^^^^
  File "C:\Users\DLSne\AppData\Local\Packages\PythonSoftwareFoundation.Python.3.12_qbz5n2kfra8p0\LocalCache\local-packages\Python312\site-packages\django\template\loader.py", line 15, in get_template
    return engine.get_template(template_name)
           ^^^^^^^^^^^^^^^^^^^^^^^^^^^^^^^^^^
  File "C:\Users\DLSne\AppData\Local\Packages\PythonSoftwareFoundation.Python.3.12_qbz5n2kfra8p0\LocalCache\local-packages\Python312\site-packages\django\template\backends\django.py", line 79, in get_template
    return Template(self.engine.get_template(template_name), self)
                    ^^^^^^^^^^^^^^^^^^^^^^^^^^^^^^^^^^^^^^^
  File "C:\Users\DLSne\AppData\Local\Packages\PythonSoftwareFoundation.Python.3.12_qbz5n2kfra8p0\LocalCache\local-packages\Python312\site-packages\django\template\engine.py", line 177, in get_template
    template, origin = self.find_template(template_name)
                       ^^^^^^^^^^^^^^^^^^^^^^^^^^^^^^^^^
  File "C:\Users\DLSne\AppData\Local\Packages\PythonSoftwareFoundation.Python.3.12_qbz5n2kfra8p0\LocalCache\local-packages\Python312\site-packages\django\template\engine.py", line 159, in find_template
    template = loader.get_template(name, skip=skip)
               ^^^^^^^^^^^^^^^^^^^^^^^^^^^^^^^^^^^^
  File "C:\Users\DLSne\AppData\Local\Packages\PythonSoftwareFoundation.Python.3.12_qbz5n2kfra8p0\LocalCache\local-packages\Python312\site-packages\django\template\loaders\cached.py", line 57, in get_template
    template = super().get_template(template_name, skip)
               ^^^^^^^^^^^^^^^^^^^^^^^^^^^^^^^^^^^^^^^^^
  File "C:\Users\DLSne\AppData\Local\Packages\PythonSoftwareFoundation.Python.3.12_qbz5n2kfra8p0\LocalCache\local-packages\Python312\site-packages\django\template\loaders\base.py", line 28, in get_template
    return Template(
           ^^^^^^^^^
  File "C:\Users\DLSne\AppData\Local\Packages\PythonSoftwareFoundation.Python.3.12_qbz5n2kfra8p0\LocalCache\local-packages\Python312\site-packages\django\template\base.py", line 154, in __init__
    self.nodelist = self.compile_nodelist()
                    ^^^^^^^^^^^^^^^^^^^^^^^
  File "C:\Users\DLSne\AppData\Local\Packages\PythonSoftwareFoundation.Python.3.12_qbz5n2kfra8p0\LocalCache\local-packages\Python312\site-packages\django\template\base.py", line 196, in compile_nodelist
    nodelist = parser.parse()
               ^^^^^^^^^^^^^^
  File "C:\Users\DLSne\AppData\Local\Packages\PythonSoftwareFoundation.Python.3.12_qbz5n2kfra8p0\LocalCache\local-packages\Python312\site-packages\django\template\base.py", line 518, in parse
    raise self.error(token, e)
  File "C:\Users\DLSne\AppData\Local\Packages\PythonSoftwareFoundation.Python.3.12_qbz5n2kfra8p0\LocalCache\local-packages\Python312\site-packages\django\template\base.py", line 516, in parse
    compiled_result = compile_func(self, token)
                      ^^^^^^^^^^^^^^^^^^^^^^^^^
  File "C:\Users\DLSne\AppData\Local\Packages\PythonSoftwareFoundation.Python.3.12_qbz5n2kfra8p0\LocalCache\local-packages\Python312\site-packages\django\template\loader_tags.py", line 299, in do_extends
    nodelist = parser.parse()
               ^^^^^^^^^^^^^^
  File "C:\Users\DLSne\AppData\Local\Packages\PythonSoftwareFoundation.Python.3.12_qbz5n2kfra8p0\LocalCache\local-packages\Python312\site-packages\django\template\base.py", line 518, in parse
    raise self.error(token, e)
  File "C:\Users\DLSne\AppData\Local\Packages\PythonSoftwareFoundation.Python.3.12_qbz5n2kfra8p0\LocalCache\local-packages\Python312\site-packages\django\template\base.py", line 516, in parse
    compiled_result = compile_func(self, token)
                      ^^^^^^^^^^^^^^^^^^^^^^^^^
  File "C:\Users\DLSne\AppData\Local\Packages\PythonSoftwareFoundation.Python.3.12_qbz5n2kfra8p0\LocalCache\local-packages\Python312\site-packages\django\template\loader_tags.py", line 234, in do_block
    nodelist = parser.parse(("endblock",))
               ^^^^^^^^^^^^^^^^^^^^^^^^^^^
  File "C:\Users\DLSne\AppData\Local\Packages\PythonSoftwareFoundation.Python.3.12_qbz5n2kfra8p0\LocalCache\local-packages\Python312\site-packages\django\template\base.py", line 512, in parse
    self.invalid_block_tag(token, command, parse_until)
  File "C:\Users\DLSne\AppData\Local\Packages\PythonSoftwareFoundation.Python.3.12_qbz5n2kfra8p0\LocalCache\local-packages\Python312\site-packages\django\template\base.py", line 567, in invalid_block_tag
    raise self.error(
django.template.exceptions.TemplateSyntaxError: Invalid block tag on line 187: 'endwith', expected 'endblock'. Did you forget to register or load this tag?
ERROR 2025-08-21 16:19:36,040 basehttp 32172 45160 "GET /accounts/profile/ HTTP/1.1" 500 246468
WARNING 2025-08-21 16:20:05,418 log 32172 45160 Not Found: /.well-known/appspecific/com.chrome.devtools.json
WARNING 2025-08-21 16:20:05,419 basehttp 32172 45160 "GET /.well-known/appspecific/com.chrome.devtools.json HTTP/1.1" 404 3119
INFO 2025-08-21 16:20:28,589 basehttp 32172 45160 "GET /admin HTTP/1.1" 301 0
INFO 2025-08-21 16:20:28,604 basehttp 32172 45328 "GET /admin/ HTTP/1.1" 302 0
INFO 2025-08-21 16:20:28,712 basehttp 32172 45328 "GET /admin/login/?next=/admin/ HTTP/1.1" 200 3701
WARNING 2025-08-21 16:20:28,779 log 32172 45328 Not Found: /.well-known/appspecific/com.chrome.devtools.json
WARNING 2025-08-21 16:20:28,779 basehttp 32172 45328 "GET /.well-known/appspecific/com.chrome.devtools.json HTTP/1.1" 404 3119
INFO 2025-08-21 16:20:28,788 basehttp 32172 7580 "GET /static/admin/css/nav_sidebar.css HTTP/1.1" 200 2810
INFO 2025-08-21 16:20:28,788 basehttp 32172 36776 "GET /static/admin/css/dark_mode.css HTTP/1.1" 200 2808
INFO 2025-08-21 16:20:28,788 basehttp 32172 32988 "GET /static/admin/css/login.css HTTP/1.1" 200 951
INFO 2025-08-21 16:20:28,791 basehttp 32172 34604 "GET /static/admin/css/base.css HTTP/1.1" 200 22154
INFO 2025-08-21 16:20:28,791 basehttp 32172 18380 "GET /static/admin/css/responsive.css HTTP/1.1" 200 16632
INFO 2025-08-21 16:20:28,809 basehttp 32172 45328 "GET /static/admin/js/theme.js HTTP/1.1" 200 1653
INFO 2025-08-21 16:20:28,820 basehttp 32172 18380 "GET /static/admin/js/nav_sidebar.js HTTP/1.1" 200 3063
INFO 2025-08-21 16:20:46,974 basehttp 32172 18380 "POST /admin/login/?next=/admin/ HTTP/1.1" 302 0
INFO 2025-08-21 16:20:47,022 basehttp 32172 18380 "GET /admin/ HTTP/1.1" 200 7896
INFO 2025-08-21 16:20:47,075 basehttp 32172 45328 "GET /static/admin/css/base.css HTTP/1.1" 200 22154
WARNING 2025-08-21 16:20:47,083 log 32172 18380 Not Found: /.well-known/appspecific/com.chrome.devtools.json
INFO 2025-08-21 16:20:47,085 basehttp 32172 45328 "GET /static/admin/css/dark_mode.css HTTP/1.1" 200 2808
WARNING 2025-08-21 16:20:47,087 basehttp 32172 18380 "GET /.well-known/appspecific/com.chrome.devtools.json HTTP/1.1" 404 3119
INFO 2025-08-21 16:20:47,088 basehttp 32172 32988 "GET /static/admin/css/nav_sidebar.css HTTP/1.1" 200 2810
INFO 2025-08-21 16:20:47,088 basehttp 32172 34604 "GET /static/admin/js/theme.js HTTP/1.1" 200 1653
INFO 2025-08-21 16:20:47,089 basehttp 32172 36776 "GET /static/admin/css/responsive.css HTTP/1.1" 200 16632
INFO 2025-08-21 16:20:47,100 basehttp 32172 7580 "GET /static/admin/css/dashboard.css HTTP/1.1" 200 441
INFO 2025-08-21 16:20:47,101 basehttp 32172 36776 "GET /static/admin/js/nav_sidebar.js HTTP/1.1" 200 3063
INFO 2025-08-21 16:20:47,119 basehttp 32172 7580 "GET /static/admin/img/icon-changelink.svg HTTP/1.1" 200 380
INFO 2025-08-21 16:20:47,120 basehttp 32172 36776 "GET /static/admin/img/icon-addlink.svg HTTP/1.1" 200 331
INFO 2025-08-21 16:20:49,907 basehttp 32172 36776 "GET /admin/accounts/travelsurvey/ HTTP/1.1" 200 15172
INFO 2025-08-21 16:20:49,954 basehttp 32172 7580 "GET /static/admin/css/base.css HTTP/1.1" 200 22154
WARNING 2025-08-21 16:20:49,966 log 32172 36776 Not Found: /.well-known/appspecific/com.chrome.devtools.json
INFO 2025-08-21 16:20:49,968 basehttp 32172 7580 "GET /static/admin/css/dark_mode.css HTTP/1.1" 200 2808
INFO 2025-08-21 16:20:49,969 basehttp 32172 32988 "GET /static/admin/css/nav_sidebar.css HTTP/1.1" 200 2810
INFO 2025-08-21 16:20:49,969 basehttp 32172 34604 "GET /static/admin/js/theme.js HTTP/1.1" 200 1653
WARNING 2025-08-21 16:20:49,969 basehttp 32172 36776 "GET /.well-known/appspecific/com.chrome.devtools.json HTTP/1.1" 404 3119
INFO 2025-08-21 16:20:49,971 basehttp 32172 7580 "GET /static/admin/css/responsive.css HTTP/1.1" 200 16632
INFO 2025-08-21 16:20:49,978 basehttp 32172 45328 "GET /static/admin/css/changelists.css HTTP/1.1" 200 6878
INFO 2025-08-21 16:20:49,992 basehttp 32172 34604 "GET /static/admin/js/jquery.init.js HTTP/1.1" 200 347
INFO 2025-08-21 16:20:49,999 basehttp 32172 32988 "GET /static/admin/js/core.js HTTP/1.1" 200 6208
INFO 2025-08-21 16:20:49,999 basehttp 32172 7580 "GET /static/admin/js/admin/RelatedObjectLookups.js HTTP/1.1" 200 9777
INFO 2025-08-21 16:20:50,009 basehttp 32172 45328 "GET /static/admin/js/actions.js HTTP/1.1" 200 8076
INFO 2025-08-21 16:20:50,014 basehttp 32172 34604 "GET /static/admin/js/urlify.js HTTP/1.1" 200 7887
INFO 2025-08-21 16:20:50,016 basehttp 32172 18380 "GET /admin/jsi18n/ HTTP/1.1" 200 3342
INFO 2025-08-21 16:20:50,021 basehttp 32172 32988 "GET /static/admin/js/prepopulate.js HTTP/1.1" 200 1531
INFO 2025-08-21 16:20:50,027 basehttp 32172 45328 "GET /static/admin/img/search.svg HTTP/1.1" 200 458
INFO 2025-08-21 16:20:50,029 basehttp 32172 36776 "GET /static/admin/js/vendor/jquery/jquery.js HTTP/1.1" 200 285314
INFO 2025-08-21 16:20:50,035 basehttp 32172 36776 "GET /static/admin/js/nav_sidebar.js HTTP/1.1" 200 3063
INFO 2025-08-21 16:20:50,054 basehttp 32172 36776 "GET /static/admin/js/filters.js HTTP/1.1" 200 978
INFO 2025-08-21 16:20:50,080 basehttp 32172 7580 "GET /static/admin/js/vendor/xregexp/xregexp.js HTTP/1.1" 200 325171
INFO 2025-08-21 16:20:50,100 basehttp 32172 7580 "GET /static/admin/img/icon-addlink.svg HTTP/1.1" 200 331
INFO 2025-08-21 16:20:50,112 basehttp 32172 36776 "GET /static/admin/img/tooltag-add.svg HTTP/1.1" 200 331
INFO 2025-08-21 16:20:50,112 basehttp 32172 32988 "GET /static/admin/img/icon-viewlink.svg HTTP/1.1" 200 581
INFO 2025-08-21 16:20:50,113 basehttp 32172 45328 "GET /static/admin/img/sorting-icons.svg HTTP/1.1" 200 1097
INFO 2025-08-21 16:20:52,273 basehttp 32172 45328 "GET /admin/accounts/userprofile/ HTTP/1.1" 200 13216
INFO 2025-08-21 16:20:52,324 basehttp 32172 32988 "GET /static/admin/css/base.css HTTP/1.1" 200 22154
WARNING 2025-08-21 16:20:52,328 log 32172 45328 Not Found: /.well-known/appspecific/com.chrome.devtools.json
WARNING 2025-08-21 16:20:52,328 basehttp 32172 45328 "GET /.well-known/appspecific/com.chrome.devtools.json HTTP/1.1" 404 3119
INFO 2025-08-21 16:20:52,354 basehttp 32172 45328 "GET /static/admin/css/dark_mode.css HTTP/1.1" 200 2808
INFO 2025-08-21 16:20:52,358 basehttp 32172 32988 "GET /static/admin/js/theme.js HTTP/1.1" 200 1653
INFO 2025-08-21 16:20:52,361 basehttp 32172 36776 "GET /static/admin/css/nav_sidebar.css HTTP/1.1" 200 2810
INFO 2025-08-21 16:20:52,362 basehttp 32172 7580 "GET /static/admin/css/changelists.css HTTP/1.1" 200 6878
INFO 2025-08-21 16:20:52,365 basehttp 32172 45328 "GET /static/admin/css/responsive.css HTTP/1.1" 200 16632
INFO 2025-08-21 16:20:52,369 basehttp 32172 36776 "GET /static/admin/js/core.js HTTP/1.1" 200 6208
INFO 2025-08-21 16:20:52,370 basehttp 32172 32988 "GET /static/admin/js/jquery.init.js HTTP/1.1" 200 347
INFO 2025-08-21 16:20:52,372 basehttp 32172 7580 "GET /static/admin/js/admin/RelatedObjectLookups.js HTTP/1.1" 200 9777
INFO 2025-08-21 16:20:52,376 basehttp 32172 32988 "GET /static/admin/js/prepopulate.js HTTP/1.1" 200 1531
INFO 2025-08-21 16:20:52,377 basehttp 32172 45328 "GET /static/admin/js/actions.js HTTP/1.1" 200 8076
INFO 2025-08-21 16:20:52,377 basehttp 32172 36776 "GET /static/admin/js/urlify.js HTTP/1.1" 200 7887
INFO 2025-08-21 16:20:52,382 basehttp 32172 18380 "GET /admin/jsi18n/ HTTP/1.1" 200 3342
INFO 2025-08-21 16:20:52,382 basehttp 32172 32988 "GET /static/admin/img/search.svg HTTP/1.1" 200 458
INFO 2025-08-21 16:20:52,384 basehttp 32172 34604 "GET /static/admin/js/vendor/jquery/jquery.js HTTP/1.1" 200 285314
INFO 2025-08-21 16:20:52,385 basehttp 32172 7580 "GET /static/admin/js/vendor/xregexp/xregexp.js HTTP/1.1" 200 325171
INFO 2025-08-21 16:20:52,390 basehttp 32172 7580 "GET /static/admin/js/nav_sidebar.js HTTP/1.1" 200 3063
INFO 2025-08-21 16:20:52,400 basehttp 32172 7580 "GET /static/admin/js/filters.js HTTP/1.1" 200 978
INFO 2025-08-21 16:20:52,415 basehttp 32172 34604 "GET /static/admin/img/tooltag-add.svg HTTP/1.1" 200 331
INFO 2025-08-21 16:20:52,416 basehttp 32172 7580 "GET /static/admin/img/icon-addlink.svg HTTP/1.1" 200 331
INFO 2025-08-21 16:20:52,416 basehttp 32172 32988 "GET /static/admin/img/icon-viewlink.svg HTTP/1.1" 200 581
INFO 2025-08-21 16:23:01,003 basehttp 32172 32988 "GET /admin/accounts/travelsurvey/ HTTP/1.1" 200 15172
INFO 2025-08-21 16:23:01,051 basehttp 32172 34604 "GET /static/admin/css/dark_mode.css HTTP/1.1" 200 2808
INFO 2025-08-21 16:23:01,051 basehttp 32172 45328 "GET /static/admin/css/changelists.css HTTP/1.1" 200 6878
INFO 2025-08-21 16:23:01,052 basehttp 32172 36776 "GET /static/admin/css/nav_sidebar.css HTTP/1.1" 200 2810
INFO 2025-08-21 16:23:01,052 basehttp 32172 18380 "GET /static/admin/js/theme.js HTTP/1.1" 200 1653
INFO 2025-08-21 16:23:01,052 basehttp 32172 7580 "GET /static/admin/css/base.css HTTP/1.1" 200 22154
WARNING 2025-08-21 16:23:01,061 log 32172 32988 Not Found: /.well-known/appspecific/com.chrome.devtools.json
WARNING 2025-08-21 16:23:01,063 basehttp 32172 32988 "GET /.well-known/appspecific/com.chrome.devtools.json HTTP/1.1" 404 3119
INFO 2025-08-21 16:23:01,066 basehttp 32172 7580 "GET /static/admin/js/jquery.init.js HTTP/1.1" 200 347
INFO 2025-08-21 16:23:01,066 basehttp 32172 34604 "GET /static/admin/css/responsive.css HTTP/1.1" 200 16632
INFO 2025-08-21 16:23:01,067 basehttp 32172 18380 "GET /static/admin/js/core.js HTTP/1.1" 200 6208
INFO 2025-08-21 16:23:01,074 basehttp 32172 7580 "GET /static/admin/js/actions.js HTTP/1.1" 200 8076
INFO 2025-08-21 16:23:01,075 basehttp 32172 32988 "GET /static/admin/js/admin/RelatedObjectLookups.js HTTP/1.1" 200 9777
INFO 2025-08-21 16:23:01,079 basehttp 32172 34604 "GET /static/admin/js/urlify.js HTTP/1.1" 200 7887
INFO 2025-08-21 16:23:01,082 basehttp 32172 18380 "GET /static/admin/js/prepopulate.js HTTP/1.1" 200 1531
INFO 2025-08-21 16:23:01,084 basehttp 32172 7580 "GET /static/admin/img/search.svg HTTP/1.1" 200 458
INFO 2025-08-21 16:23:01,086 basehttp 32172 36776 "GET /admin/jsi18n/ HTTP/1.1" 200 3342
INFO 2025-08-21 16:23:01,087 basehttp 32172 45328 "GET /static/admin/js/vendor/jquery/jquery.js HTTP/1.1" 200 285314
INFO 2025-08-21 16:23:01,089 basehttp 32172 32988 "GET /static/admin/js/vendor/xregexp/xregexp.js HTTP/1.1" 200 325171
INFO 2025-08-21 16:23:01,095 basehttp 32172 32988 "GET /static/admin/js/nav_sidebar.js HTTP/1.1" 200 3063
INFO 2025-08-21 16:23:01,106 basehttp 32172 32988 "GET /static/admin/js/filters.js HTTP/1.1" 200 978
INFO 2025-08-21 16:23:01,128 basehttp 32172 32988 "GET /static/admin/img/icon-addlink.svg HTTP/1.1" 200 331
INFO 2025-08-21 16:23:01,128 basehttp 32172 45328 "GET /static/admin/img/tooltag-add.svg HTTP/1.1" 200 331
INFO 2025-08-21 16:23:01,128 basehttp 32172 7580 "GET /static/admin/img/icon-viewlink.svg HTTP/1.1" 200 581
INFO 2025-08-21 16:23:01,128 basehttp 32172 36776 "GET /static/admin/img/sorting-icons.svg HTTP/1.1" 200 1097
INFO 2025-08-21 16:23:01,740 basehttp 32172 36776 "GET /admin/ HTTP/1.1" 200 7896
INFO 2025-08-21 16:23:01,791 basehttp 32172 34604 "GET /static/admin/css/dashboard.css HTTP/1.1" 200 441
INFO 2025-08-21 16:23:01,791 basehttp 32172 45328 "GET /static/admin/css/dark_mode.css HTTP/1.1" 200 2808
INFO 2025-08-21 16:23:01,792 basehttp 32172 18380 "GET /static/admin/css/nav_sidebar.css HTTP/1.1" 200 2810
INFO 2025-08-21 16:23:01,792 basehttp 32172 32988 "GET /static/admin/js/theme.js HTTP/1.1" 200 1653
INFO 2025-08-21 16:23:01,797 basehttp 32172 7580 "GET /static/admin/css/base.css HTTP/1.1" 200 22154
INFO 2025-08-21 16:23:01,799 basehttp 32172 34604 "GET /static/admin/css/responsive.css HTTP/1.1" 200 16632
INFO 2025-08-21 16:23:01,803 basehttp 32172 7580 "GET /static/admin/js/nav_sidebar.js HTTP/1.1" 200 3063
WARNING 2025-08-21 16:23:01,808 log 32172 36776 Not Found: /.well-known/appspecific/com.chrome.devtools.json
WARNING 2025-08-21 16:23:01,809 basehttp 32172 36776 "GET /.well-known/appspecific/com.chrome.devtools.json HTTP/1.1" 404 3119
INFO 2025-08-21 16:23:01,810 basehttp 32172 7580 "GET /static/admin/img/icon-addlink.svg HTTP/1.1" 200 331
INFO 2025-08-21 16:23:01,810 basehttp 32172 34604 "GET /static/admin/img/icon-changelink.svg HTTP/1.1" 200 380
INFO 2025-08-21 16:23:02,505 basehttp 32172 34604 "GET /admin/login/?next=/admin/ HTTP/1.1" 302 0
INFO 2025-08-21 16:23:02,522 basehttp 32172 34604 "GET /admin/ HTTP/1.1" 200 7896
INFO 2025-08-21 16:23:02,595 basehttp 32172 7580 "GET /static/admin/css/base.css HTTP/1.1" 200 22154
INFO 2025-08-21 16:23:02,595 basehttp 32172 32988 "GET /static/admin/js/theme.js HTTP/1.1" 200 1653
INFO 2025-08-21 16:23:02,597 basehttp 32172 36776 "GET /static/admin/css/dark_mode.css HTTP/1.1" 200 2808
INFO 2025-08-21 16:23:02,597 basehttp 32172 45328 "GET /static/admin/css/nav_sidebar.css HTTP/1.1" 200 2810
INFO 2025-08-21 16:23:02,598 basehttp 32172 18380 "GET /static/admin/css/dashboard.css HTTP/1.1" 200 441
INFO 2025-08-21 16:23:02,602 basehttp 32172 7580 "GET /static/admin/css/responsive.css HTTP/1.1" 200 16632
INFO 2025-08-21 16:23:02,605 basehttp 32172 18380 "GET /static/admin/js/nav_sidebar.js HTTP/1.1" 200 3063
WARNING 2025-08-21 16:23:02,607 log 32172 34604 Not Found: /.well-known/appspecific/com.chrome.devtools.json
WARNING 2025-08-21 16:23:02,608 basehttp 32172 34604 "GET /.well-known/appspecific/com.chrome.devtools.json HTTP/1.1" 404 3119
INFO 2025-08-21 16:23:02,618 basehttp 32172 34604 "GET /static/admin/img/icon-addlink.svg HTTP/1.1" 200 331
INFO 2025-08-21 16:23:02,618 basehttp 32172 18380 "GET /static/admin/img/icon-changelink.svg HTTP/1.1" 200 380
INFO 2025-08-21 16:23:03,585 basehttp 32172 34604 "GET /accounts/profile/ HTTP/1.1" 200 14503
WARNING 2025-08-21 16:23:03,616 log 32172 34604 Not Found: /.well-known/appspecific/com.chrome.devtools.json
WARNING 2025-08-21 16:23:03,617 basehttp 32172 18380 "GET /static/css/style.css HTTP/1.1" 404 1966
WARNING 2025-08-21 16:23:03,618 basehttp 32172 34604 "GET /.well-known/appspecific/com.chrome.devtools.json HTTP/1.1" 404 3119
INFO 2025-08-21 16:23:03,618 basehttp 32172 7580 "GET /static/js/main.js HTTP/1.1" 200 20115
INFO 2025-08-21 16:23:15,488 basehttp 32172 34604 "GET /accounts/survey/ HTTP/1.1" 200 53764
WARNING 2025-08-21 16:23:15,554 log 32172 34604 Not Found: /.well-known/appspecific/com.chrome.devtools.json
WARNING 2025-08-21 16:23:15,554 basehttp 32172 34604 "GET /.well-known/appspecific/com.chrome.devtools.json HTTP/1.1" 404 3119
WARNING 2025-08-21 16:23:15,571 basehttp 32172 34604 "GET /static/css/style.css HTTP/1.1" 404 1966
INFO 2025-08-21 16:23:15,572 basehttp 32172 7580 "GET /static/js/main.js HTTP/1.1" 200 20115
INFO 2025-08-21 16:23:43,050 basehttp 32172 7580 "POST /accounts/survey/ HTTP/1.1" 302 0
INFO 2025-08-21 16:23:43,069 basehttp 32172 7580 "GET /accounts/survey/success/ HTTP/1.1" 200 13932
WARNING 2025-08-21 16:23:43,154 log 32172 7580 Not Found: /.well-known/appspecific/com.chrome.devtools.json
WARNING 2025-08-21 16:23:43,154 basehttp 32172 36776 "GET /static/css/style.css HTTP/1.1" 404 1966
WARNING 2025-08-21 16:23:43,154 basehttp 32172 7580 "GET /.well-known/appspecific/com.chrome.devtools.json HTTP/1.1" 404 3119
INFO 2025-08-21 16:23:43,155 basehttp 32172 45328 "GET /static/js/main.js HTTP/1.1" 200 20115
INFO 2025-08-21 16:23:47,233 basehttp 32172 45328 "GET /accounts/profile/ HTTP/1.1" 200 20017
WARNING 2025-08-21 16:23:47,290 basehttp 32172 7580 "GET /static/css/style.css HTTP/1.1" 404 1966
INFO 2025-08-21 16:23:47,291 basehttp 32172 32988 "GET /static/js/main.js HTTP/1.1" 200 20115
WARNING 2025-08-21 16:23:47,293 log 32172 45328 Not Found: /.well-known/appspecific/com.chrome.devtools.json
WARNING 2025-08-21 16:23:47,293 basehttp 32172 45328 "GET /.well-known/appspecific/com.chrome.devtools.json HTTP/1.1" 404 3119
INFO 2025-08-21 16:23:59,793 basehttp 32172 45328 "GET / HTTP/1.1" 200 20581
WARNING 2025-08-21 16:23:59,851 log 32172 45328 Not Found: /.well-known/appspecific/com.chrome.devtools.json
WARNING 2025-08-21 16:23:59,852 basehttp 32172 45328 "GET /.well-known/appspecific/com.chrome.devtools.json HTTP/1.1" 404 3119
WARNING 2025-08-21 16:23:59,859 basehttp 32172 32988 "GET /static/css/style.css HTTP/1.1" 404 1966
INFO 2025-08-21 16:23:59,859 basehttp 32172 41196 "GET /static/js/main.js HTTP/1.1" 200 20115
INFO 2025-08-21 16:24:02,573 basehttp 32172 41196 "GET /accounts/users/ HTTP/1.1" 200 12105
WARNING 2025-08-21 16:24:02,633 log 32172 41196 Not Found: /.well-known/appspecific/com.chrome.devtools.json
WARNING 2025-08-21 16:24:02,634 basehttp 32172 41196 "GET /.well-known/appspecific/com.chrome.devtools.json HTTP/1.1" 404 3119
WARNING 2025-08-21 16:24:02,659 basehttp 32172 41196 "GET /static/css/style.css HTTP/1.1" 404 1966
INFO 2025-08-21 16:24:02,660 basehttp 32172 45328 "GET /static/js/main.js HTTP/1.1" 200 20115
INFO 2025-08-21 16:24:14,360 basehttp 32172 45328 "GET /accounts/users/?search=seattle HTTP/1.1" 200 9676
WARNING 2025-08-21 16:24:14,433 basehttp 32172 42064 "GET /static/css/style.css HTTP/1.1" 404 1966
INFO 2025-08-21 16:24:14,434 basehttp 32172 41916 "GET /static/js/main.js HTTP/1.1" 200 20115
WARNING 2025-08-21 16:24:14,438 log 32172 45328 Not Found: /.well-known/appspecific/com.chrome.devtools.json
WARNING 2025-08-21 16:24:14,439 basehttp 32172 45328 "GET /.well-known/appspecific/com.chrome.devtools.json HTTP/1.1" 404 3119
INFO 2025-08-21 16:24:17,236 basehttp 32172 45328 "GET /accounts/survey/ HTTP/1.1" 200 53896
WARNING 2025-08-21 16:24:17,310 log 32172 45328 Not Found: /.well-known/appspecific/com.chrome.devtools.json
WARNING 2025-08-21 16:24:17,312 basehttp 32172 45328 "GET /.well-known/appspecific/com.chrome.devtools.json HTTP/1.1" 404 3119
WARNING 2025-08-21 16:24:17,314 basehttp 32172 41916 "GET /static/css/style.css HTTP/1.1" 404 1966
INFO 2025-08-21 16:24:17,314 basehttp 32172 45988 "GET /static/js/main.js HTTP/1.1" 200 20115
INFO 2025-08-21 16:24:18,319 basehttp 32172 45988 "GET /accounts/users/ HTTP/1.1" 200 12105
WARNING 2025-08-21 16:24:18,389 basehttp 32172 45328 "GET /static/css/style.css HTTP/1.1" 404 1966
INFO 2025-08-21 16:24:18,390 basehttp 32172 7772 "GET /static/js/main.js HTTP/1.1" 200 20115
WARNING 2025-08-21 16:24:18,393 log 32172 45988 Not Found: /.well-known/appspecific/com.chrome.devtools.json
WARNING 2025-08-21 16:24:18,393 basehttp 32172 45988 "GET /.well-known/appspecific/com.chrome.devtools.json HTTP/1.1" 404 3119
INFO 2025-08-21 16:24:58,434 basehttp 32172 45988 "GET /accounts/profile/edit/ HTTP/1.1" 200 14720
WARNING 2025-08-21 16:24:58,498 log 32172 45988 Not Found: /.well-known/appspecific/com.chrome.devtools.json
WARNING 2025-08-21 16:24:58,502 basehttp 32172 45988 "GET /.well-known/appspecific/com.chrome.devtools.json HTTP/1.1" 404 3119
WARNING 2025-08-21 16:24:58,503 basehttp 32172 7772 "GET /static/css/style.css HTTP/1.1" 404 1966
INFO 2025-08-21 16:24:58,503 basehttp 32172 39708 "GET /static/js/main.js HTTP/1.1" 200 20115
